<?xml version="1.0" encoding="UTF-8"?>
<robot generator="Robot 4.1.1 (Python 3.9.7 on win32)" generated="20211119 14:43:29.790" rpa="false" schemaversion="2">
<suite id="s1" name="Pdp" source="C:\workspace\youcom_hml_site_desktop\youcom\web\tests\pdp.robot">
<test id="s1-t1" name="Cenário 01.001: Validar que a seleção de cor não vem pré-selecionada">
<kw name="Nova sessão" library="base_tests" type="SETUP">
<kw name="Open Browser" library="SeleniumLibrary">
<arg>${HOME_URL}</arg>
<arg>${BROWSER}</arg>
<doc>Opens a new browser instance to the optional ``url``.</doc>
<msg timestamp="20211119 14:43:30.025" level="INFO">Opening browser 'chrome' to base url 'https://youcom.core-hlg.dcg.com.br/'.</msg>
<status status="PASS" starttime="20211119 14:43:30.025" endtime="20211119 14:43:34.219"/>
</kw>
<kw name="Set Window Size" library="SeleniumLibrary">
<arg>1366</arg>
<arg>924</arg>
<doc>Sets current windows size to given ``width`` and ``height``.</doc>
<status status="PASS" starttime="20211119 14:43:34.219" endtime="20211119 14:43:34.340"/>
</kw>
<status status="PASS" starttime="20211119 14:43:30.024" endtime="20211119 14:43:34.340"/>
</kw>
<kw name="Dado que acesso a PDP de um produto" library="base_tests" sourcename="Dado ${keyword}">
<kw name="Run Keyword" library="BuiltIn">
<arg>${keyword}</arg>
<doc>Executes the given keyword with the given arguments.</doc>
<kw name="que acesso a PDP de um produto">
<msg timestamp="20211119 14:43:34.345" level="FAIL">No keyword with name 'que acesso a PDP de um produto' found.</msg>
<status status="FAIL" starttime="20211119 14:43:34.345" endtime="20211119 14:43:34.345"/>
</kw>
<status status="FAIL" starttime="20211119 14:43:34.341" endtime="20211119 14:43:34.345"/>
</kw>
<status status="FAIL" starttime="20211119 14:43:34.340" endtime="20211119 14:43:34.346"/>
</kw>
<kw name="Quando não seleciono o tamanho do produto" library="base_tests" sourcename="Quando ${keyword}">
<status status="NOT RUN" starttime="20211119 14:43:34.347" endtime="20211119 14:43:34.347"/>
</kw>
<kw name="Então o sistema não permite seguir com a compra" library="base_tests" sourcename="Então ${keyword}">
<status status="NOT RUN" starttime="20211119 14:43:34.347" endtime="20211119 14:43:34.348"/>
</kw>
<kw name="Encerra sessão" library="base_tests" type="TEARDOWN">
<kw name="Close Browser" library="SeleniumLibrary">
<doc>Closes the current browser.</doc>
<status status="PASS" starttime="20211119 14:43:34.349" endtime="20211119 14:43:36.502"/>
</kw>
<status status="PASS" starttime="20211119 14:43:34.348" endtime="20211119 14:43:36.502"/>
</kw>
<status status="FAIL" starttime="20211119 14:43:30.023" endtime="20211119 14:43:36.503">No keyword with name 'que acesso a PDP de um produto' found.</status>
</test>
<status status="FAIL" starttime="20211119 14:43:29.791" endtime="20211119 14:43:36.505"/>
</suite>
<statistics>
<total>
<stat pass="0" fail="1" skip="0">All Tests</stat>
</total>
<tag>
</tag>
<suite>
<stat pass="0" fail="1" skip="0" id="s1" name="Pdp">Pdp</stat>
</suite>
</statistics>
<errors>
<msg timestamp="20211119 14:43:30.020" level="ERROR">Error in file 'C:\workspace\youcom_hml_site_desktop\youcom\web\tests\pdp.robot' on line 3: Resource file '..\resources\pdp.robot' does not exist.</msg>
</errors>
</robot>
