<?xml version="1.0" encoding="UTF-8"?>
<robot generator="Robot 4.1.1 (Python 3.9.7 on win32)" generated="20211119 01:37:07.435" rpa="false" schemaversion="2">
<suite id="s1" name="Login" source="C:\workspace\youcom_hml_site_desktop\youcom\web\tests\login.robot">
<test id="s1-t1" name="Cenário 01.001: Validar que sistema não permite login quando o usuário não está cadastrado">
<kw name="Nova sessão" library="base_tests" type="SETUP">
<kw name="Open Browser" library="SeleniumLibrary">
<arg>${HOME_URL}</arg>
<arg>${BROWSER}</arg>
<doc>Opens a new browser instance to the optional ``url``.</doc>
<msg timestamp="20211119 01:37:07.635" level="INFO">Opening browser 'chrome' to base url 'https://youcom.core-hlg.dcg.com.br/'.</msg>
<status status="PASS" starttime="20211119 01:37:07.635" endtime="20211119 01:37:11.669"/>
</kw>
<kw name="Set Window Size" library="SeleniumLibrary">
<arg>1366</arg>
<arg>924</arg>
<doc>Sets current windows size to given ``width`` and ``height``.</doc>
<status status="PASS" starttime="20211119 01:37:11.669" endtime="20211119 01:37:11.795"/>
</kw>
<status status="PASS" starttime="20211119 01:37:07.635" endtime="20211119 01:37:11.796"/>
</kw>
<kw name="Dado que acesso a tela de login e cadastro" library="base_tests" sourcename="Dado ${keyword}">
<kw name="Run Keyword" library="BuiltIn">
<arg>${keyword}</arg>
<doc>Executes the given keyword with the given arguments.</doc>
<kw name="que acesso a tela de login e cadastro" library="acesso">
<kw name="Clicar no botão de 'entre ou cadastre-se'" library="acesso">
<kw name="Click Element" library="SeleniumLibrary">
<arg>${HOME_BTN_ENTRE_OU_CADASTRE}</arg>
<doc>Click the element identified by ``locator``.</doc>
<msg timestamp="20211119 01:37:11.799" level="INFO">Clicking element 'xpath://*[@id="header"]/div[3]/div[1]/div/div[2]/div[3]/div/div/div/a/span[2]'.</msg>
<status status="PASS" starttime="20211119 01:37:11.799" endtime="20211119 01:37:13.230"/>
</kw>
<status status="PASS" starttime="20211119 01:37:11.798" endtime="20211119 01:37:13.230"/>
</kw>
<kw name="Verificar o título da página de login" library="acesso">
<kw name="Title Should Be" library="SeleniumLibrary">
<arg>${PAGE_TITLE_IS_LOGIN_YOUCOM}</arg>
<doc>Verifies that the current page title equals ``title``.</doc>
<msg timestamp="20211119 01:37:13.236" level="INFO">Page title is 'Login - YouCom'.</msg>
<status status="PASS" starttime="20211119 01:37:13.231" endtime="20211119 01:37:13.236"/>
</kw>
<status status="PASS" starttime="20211119 01:37:13.231" endtime="20211119 01:37:13.236"/>
</kw>
<kw name="Verificar se a página contém elemento da tela de login" library="acesso">
<kw name="Page Should Contain Element" library="SeleniumLibrary">
<arg>${ACESSO_BTN_LOGIN}</arg>
<doc>Verifies that element ``locator`` is found on the current page.</doc>
<msg timestamp="20211119 01:37:13.247" level="INFO">Current page contains element 'xpath://*[@id="widget75-submit"]'.</msg>
<status status="PASS" starttime="20211119 01:37:13.237" endtime="20211119 01:37:13.248"/>
</kw>
<kw name="Page Should Contain" library="SeleniumLibrary">
<arg>${ACESSO_BREADCRUMP}</arg>
<doc>Verifies that current page contains ``text``.</doc>
<msg timestamp="20211119 01:37:13.261" level="INFO">Current page contains text 'Identificação'.</msg>
<status status="PASS" starttime="20211119 01:37:13.248" endtime="20211119 01:37:13.261"/>
</kw>
<status status="PASS" starttime="20211119 01:37:13.236" endtime="20211119 01:37:13.261"/>
</kw>
<kw name="Capturar screenshot" library="acesso">
<kw name="Capture Page Screenshot" library="SeleniumLibrary">
<doc>Takes a screenshot of the current page and embeds it into a log file.</doc>
<msg timestamp="20211119 01:37:13.352" level="INFO" html="true">&lt;/td&gt;&lt;/tr&gt;&lt;tr&gt;&lt;td colspan="3"&gt;&lt;a href="selenium-screenshot-22.png"&gt;&lt;img src="selenium-screenshot-22.png" width="800px"&gt;&lt;/a&gt;</msg>
<status status="PASS" starttime="20211119 01:37:13.261" endtime="20211119 01:37:13.352"/>
</kw>
<status status="PASS" starttime="20211119 01:37:13.261" endtime="20211119 01:37:13.352"/>
</kw>
<status status="PASS" starttime="20211119 01:37:11.798" endtime="20211119 01:37:13.352"/>
</kw>
<status status="PASS" starttime="20211119 01:37:11.797" endtime="20211119 01:37:13.352"/>
</kw>
<status status="PASS" starttime="20211119 01:37:11.796" endtime="20211119 01:37:13.352"/>
</kw>
<kw name="Quando informo email não cadastrado" library="base_tests" sourcename="Quando ${keyword}">
<kw name="Run Keyword" library="BuiltIn">
<arg>${keyword}</arg>
<doc>Executes the given keyword with the given arguments.</doc>
<kw name="informo email não cadastrado" library="acesso">
<kw name="Preencher o campo email &quot;narcisa.na@gmail.com&quot; e senha &quot;123na&quot; da tela de login" library="acesso" sourcename="Preencher o campo email &quot;${email}&quot; e senha &quot;${senha}&quot; da tela de login">
<kw name="Input Text" library="SeleniumLibrary">
<arg>${ACESSO_FIELD_USERNAME}</arg>
<arg>${email}</arg>
<doc>Types the given ``text`` into the text field identified by ``locator``.</doc>
<msg timestamp="20211119 01:37:13.354" level="INFO">Typing text 'narcisa.na@gmail.com' into text field 'id:widget75-email'.</msg>
<status status="PASS" starttime="20211119 01:37:13.354" endtime="20211119 01:37:13.461"/>
</kw>
<kw name="Input Text" library="SeleniumLibrary">
<arg>${ACESSO_FIELD_PASSWORD}</arg>
<arg>${senha}</arg>
<doc>Types the given ``text`` into the text field identified by ``locator``.</doc>
<msg timestamp="20211119 01:37:13.461" level="INFO">Typing text '123na' into text field 'id:widget75-password'.</msg>
<status status="PASS" starttime="20211119 01:37:13.461" endtime="20211119 01:37:13.541"/>
</kw>
<kw name="Log" library="BuiltIn">
<arg>${email}</arg>
<doc>Logs the given message with the given level.</doc>
<msg timestamp="20211119 01:37:13.541" level="INFO">narcisa.na@gmail.com</msg>
<status status="PASS" starttime="20211119 01:37:13.541" endtime="20211119 01:37:13.541"/>
</kw>
<kw name="Log" library="BuiltIn">
<arg>${senha}</arg>
<doc>Logs the given message with the given level.</doc>
<msg timestamp="20211119 01:37:13.541" level="INFO">123na</msg>
<status status="PASS" starttime="20211119 01:37:13.541" endtime="20211119 01:37:13.541"/>
</kw>
<status status="PASS" starttime="20211119 01:37:13.354" endtime="20211119 01:37:13.541"/>
</kw>
<kw name="Clicar no botão 'entrar'" library="acesso">
<kw name="Click Element" library="SeleniumLibrary">
<arg>${ACESSO_BTN_LOGIN}</arg>
<doc>Click the element identified by ``locator``.</doc>
<msg timestamp="20211119 01:37:13.542" level="INFO">Clicking element 'xpath://*[@id="widget75-submit"]'.</msg>
<status status="PASS" starttime="20211119 01:37:13.542" endtime="20211119 01:37:13.593"/>
</kw>
<status status="PASS" starttime="20211119 01:37:13.541" endtime="20211119 01:37:13.594"/>
</kw>
<kw name="Capturar screenshot" library="acesso">
<kw name="Capture Page Screenshot" library="SeleniumLibrary">
<doc>Takes a screenshot of the current page and embeds it into a log file.</doc>
<msg timestamp="20211119 01:37:13.734" level="INFO" html="true">&lt;/td&gt;&lt;/tr&gt;&lt;tr&gt;&lt;td colspan="3"&gt;&lt;a href="selenium-screenshot-23.png"&gt;&lt;img src="selenium-screenshot-23.png" width="800px"&gt;&lt;/a&gt;</msg>
<status status="PASS" starttime="20211119 01:37:13.595" endtime="20211119 01:37:13.734"/>
</kw>
<status status="PASS" starttime="20211119 01:37:13.594" endtime="20211119 01:37:13.734"/>
</kw>
<status status="PASS" starttime="20211119 01:37:13.354" endtime="20211119 01:37:13.734"/>
</kw>
<status status="PASS" starttime="20211119 01:37:13.353" endtime="20211119 01:37:13.735"/>
</kw>
<status status="PASS" starttime="20211119 01:37:13.353" endtime="20211119 01:37:13.735"/>
</kw>
<kw name="Então o sistema não permite login e exibe mensagem de erro" library="base_tests" sourcename="Então ${keyword}">
<kw name="Run Keyword" library="BuiltIn">
<arg>${keyword}</arg>
<doc>Executes the given keyword with the given arguments.</doc>
<kw name="o sistema não permite login e exibe mensagem de erro" library="acesso">
<kw name="Verificar que o usuário não logou" library="acesso">
<kw name="Sleep" library="BuiltIn">
<arg>15s</arg>
<doc>Pauses the test executed for the given time.</doc>
<msg timestamp="20211119 01:37:28.741" level="INFO">Slept 15 seconds</msg>
<status status="PASS" starttime="20211119 01:37:13.737" endtime="20211119 01:37:28.741"/>
</kw>
<kw name="Verificar o título da página de login" library="acesso">
<kw name="Title Should Be" library="SeleniumLibrary">
<arg>${PAGE_TITLE_IS_LOGIN_YOUCOM}</arg>
<doc>Verifies that the current page title equals ``title``.</doc>
<msg timestamp="20211119 01:37:28.750" level="INFO">Page title is 'Login - YouCom'.</msg>
<status status="PASS" starttime="20211119 01:37:28.743" endtime="20211119 01:37:28.750"/>
</kw>
<status status="PASS" starttime="20211119 01:37:28.742" endtime="20211119 01:37:28.750"/>
</kw>
<status status="PASS" starttime="20211119 01:37:13.737" endtime="20211119 01:37:28.750"/>
</kw>
<kw name="Capturar screenshot" library="acesso">
<kw name="Capture Page Screenshot" library="SeleniumLibrary">
<doc>Takes a screenshot of the current page and embeds it into a log file.</doc>
<msg timestamp="20211119 01:37:28.831" level="INFO" html="true">&lt;/td&gt;&lt;/tr&gt;&lt;tr&gt;&lt;td colspan="3"&gt;&lt;a href="selenium-screenshot-24.png"&gt;&lt;img src="selenium-screenshot-24.png" width="800px"&gt;&lt;/a&gt;</msg>
<status status="PASS" starttime="20211119 01:37:28.751" endtime="20211119 01:37:28.831"/>
</kw>
<status status="PASS" starttime="20211119 01:37:28.750" endtime="20211119 01:37:28.831"/>
</kw>
<status status="PASS" starttime="20211119 01:37:13.736" endtime="20211119 01:37:28.831"/>
</kw>
<status status="PASS" starttime="20211119 01:37:13.736" endtime="20211119 01:37:28.831"/>
</kw>
<status status="PASS" starttime="20211119 01:37:13.735" endtime="20211119 01:37:28.831"/>
</kw>
<kw name="Encerra sessão" library="base_tests" type="TEARDOWN">
<kw name="Close Browser" library="SeleniumLibrary">
<doc>Closes the current browser.</doc>
<status status="PASS" starttime="20211119 01:37:28.833" endtime="20211119 01:37:30.963"/>
</kw>
<status status="PASS" starttime="20211119 01:37:28.832" endtime="20211119 01:37:30.964"/>
</kw>
<status status="PASS" starttime="20211119 01:37:07.634" endtime="20211119 01:37:30.964"/>
</test>
<test id="s1-t2" name="Cenário 01.002: Validar que sistema não permite login quando o usuário errar sua senha">
<kw name="Nova sessão" library="base_tests" type="SETUP">
<kw name="Open Browser" library="SeleniumLibrary">
<arg>${HOME_URL}</arg>
<arg>${BROWSER}</arg>
<doc>Opens a new browser instance to the optional ``url``.</doc>
<msg timestamp="20211119 01:37:30.967" level="INFO">Opening browser 'chrome' to base url 'https://youcom.core-hlg.dcg.com.br/'.</msg>
<status status="PASS" starttime="20211119 01:37:30.967" endtime="20211119 01:37:34.939"/>
</kw>
<kw name="Set Window Size" library="SeleniumLibrary">
<arg>1366</arg>
<arg>924</arg>
<doc>Sets current windows size to given ``width`` and ``height``.</doc>
<status status="PASS" starttime="20211119 01:37:34.940" endtime="20211119 01:37:35.063"/>
</kw>
<status status="PASS" starttime="20211119 01:37:30.967" endtime="20211119 01:37:35.063"/>
</kw>
<kw name="Dado que acesso a tela de login e cadastro" library="base_tests" sourcename="Dado ${keyword}">
<kw name="Run Keyword" library="BuiltIn">
<arg>${keyword}</arg>
<doc>Executes the given keyword with the given arguments.</doc>
<kw name="que acesso a tela de login e cadastro" library="acesso">
<kw name="Clicar no botão de 'entre ou cadastre-se'" library="acesso">
<kw name="Click Element" library="SeleniumLibrary">
<arg>${HOME_BTN_ENTRE_OU_CADASTRE}</arg>
<doc>Click the element identified by ``locator``.</doc>
<msg timestamp="20211119 01:37:35.065" level="INFO">Clicking element 'xpath://*[@id="header"]/div[3]/div[1]/div/div[2]/div[3]/div/div/div/a/span[2]'.</msg>
<status status="PASS" starttime="20211119 01:37:35.065" endtime="20211119 01:37:36.328"/>
</kw>
<status status="PASS" starttime="20211119 01:37:35.064" endtime="20211119 01:37:36.329"/>
</kw>
<kw name="Verificar o título da página de login" library="acesso">
<kw name="Title Should Be" library="SeleniumLibrary">
<arg>${PAGE_TITLE_IS_LOGIN_YOUCOM}</arg>
<doc>Verifies that the current page title equals ``title``.</doc>
<msg timestamp="20211119 01:37:36.334" level="INFO">Page title is 'Login - YouCom'.</msg>
<status status="PASS" starttime="20211119 01:37:36.329" endtime="20211119 01:37:36.334"/>
</kw>
<status status="PASS" starttime="20211119 01:37:36.329" endtime="20211119 01:37:36.334"/>
</kw>
<kw name="Verificar se a página contém elemento da tela de login" library="acesso">
<kw name="Page Should Contain Element" library="SeleniumLibrary">
<arg>${ACESSO_BTN_LOGIN}</arg>
<doc>Verifies that element ``locator`` is found on the current page.</doc>
<msg timestamp="20211119 01:37:36.345" level="INFO">Current page contains element 'xpath://*[@id="widget75-submit"]'.</msg>
<status status="PASS" starttime="20211119 01:37:36.335" endtime="20211119 01:37:36.345"/>
</kw>
<kw name="Page Should Contain" library="SeleniumLibrary">
<arg>${ACESSO_BREADCRUMP}</arg>
<doc>Verifies that current page contains ``text``.</doc>
<msg timestamp="20211119 01:37:36.359" level="INFO">Current page contains text 'Identificação'.</msg>
<status status="PASS" starttime="20211119 01:37:36.346" endtime="20211119 01:37:36.359"/>
</kw>
<status status="PASS" starttime="20211119 01:37:36.335" endtime="20211119 01:37:36.360"/>
</kw>
<kw name="Capturar screenshot" library="acesso">
<kw name="Capture Page Screenshot" library="SeleniumLibrary">
<doc>Takes a screenshot of the current page and embeds it into a log file.</doc>
<msg timestamp="20211119 01:37:36.468" level="INFO" html="true">&lt;/td&gt;&lt;/tr&gt;&lt;tr&gt;&lt;td colspan="3"&gt;&lt;a href="selenium-screenshot-25.png"&gt;&lt;img src="selenium-screenshot-25.png" width="800px"&gt;&lt;/a&gt;</msg>
<status status="PASS" starttime="20211119 01:37:36.360" endtime="20211119 01:37:36.468"/>
</kw>
<status status="PASS" starttime="20211119 01:37:36.360" endtime="20211119 01:37:36.468"/>
</kw>
<status status="PASS" starttime="20211119 01:37:35.064" endtime="20211119 01:37:36.468"/>
</kw>
<status status="PASS" starttime="20211119 01:37:35.064" endtime="20211119 01:37:36.468"/>
</kw>
<status status="PASS" starttime="20211119 01:37:35.063" endtime="20211119 01:37:36.469"/>
</kw>
<kw name="Quando o usuario cadastrado erra a senha" library="base_tests" sourcename="Quando ${keyword}">
<kw name="Run Keyword" library="BuiltIn">
<arg>${keyword}</arg>
<doc>Executes the given keyword with the given arguments.</doc>
<kw name="o usuario cadastrado erra a senha" library="acesso">
<kw name="Preencher o campo email &quot;testerenner1@gmail.com&quot; e senha &quot;123na&quot; da tela de login" library="acesso" sourcename="Preencher o campo email &quot;${email}&quot; e senha &quot;${senha}&quot; da tela de login">
<kw name="Input Text" library="SeleniumLibrary">
<arg>${ACESSO_FIELD_USERNAME}</arg>
<arg>${email}</arg>
<doc>Types the given ``text`` into the text field identified by ``locator``.</doc>
<msg timestamp="20211119 01:37:36.471" level="INFO">Typing text 'testerenner1@gmail.com' into text field 'id:widget75-email'.</msg>
<status status="PASS" starttime="20211119 01:37:36.471" endtime="20211119 01:37:36.552"/>
</kw>
<kw name="Input Text" library="SeleniumLibrary">
<arg>${ACESSO_FIELD_PASSWORD}</arg>
<arg>${senha}</arg>
<doc>Types the given ``text`` into the text field identified by ``locator``.</doc>
<msg timestamp="20211119 01:37:36.552" level="INFO">Typing text '123na' into text field 'id:widget75-password'.</msg>
<status status="PASS" starttime="20211119 01:37:36.552" endtime="20211119 01:37:36.632"/>
</kw>
<kw name="Log" library="BuiltIn">
<arg>${email}</arg>
<doc>Logs the given message with the given level.</doc>
<msg timestamp="20211119 01:37:36.632" level="INFO">testerenner1@gmail.com</msg>
<status status="PASS" starttime="20211119 01:37:36.632" endtime="20211119 01:37:36.633"/>
</kw>
<kw name="Log" library="BuiltIn">
<arg>${senha}</arg>
<doc>Logs the given message with the given level.</doc>
<msg timestamp="20211119 01:37:36.633" level="INFO">123na</msg>
<status status="PASS" starttime="20211119 01:37:36.633" endtime="20211119 01:37:36.633"/>
</kw>
<status status="PASS" starttime="20211119 01:37:36.470" endtime="20211119 01:37:36.633"/>
</kw>
<kw name="Clicar no botão 'entrar'" library="acesso">
<kw name="Click Element" library="SeleniumLibrary">
<arg>${ACESSO_BTN_LOGIN}</arg>
<doc>Click the element identified by ``locator``.</doc>
<msg timestamp="20211119 01:37:36.634" level="INFO">Clicking element 'xpath://*[@id="widget75-submit"]'.</msg>
<status status="PASS" starttime="20211119 01:37:36.633" endtime="20211119 01:37:36.687"/>
</kw>
<status status="PASS" starttime="20211119 01:37:36.633" endtime="20211119 01:37:36.687"/>
</kw>
<kw name="Capturar screenshot" library="acesso">
<kw name="Capture Page Screenshot" library="SeleniumLibrary">
<doc>Takes a screenshot of the current page and embeds it into a log file.</doc>
<msg timestamp="20211119 01:37:36.823" level="INFO" html="true">&lt;/td&gt;&lt;/tr&gt;&lt;tr&gt;&lt;td colspan="3"&gt;&lt;a href="selenium-screenshot-26.png"&gt;&lt;img src="selenium-screenshot-26.png" width="800px"&gt;&lt;/a&gt;</msg>
<status status="PASS" starttime="20211119 01:37:36.688" endtime="20211119 01:37:36.823"/>
</kw>
<status status="PASS" starttime="20211119 01:37:36.687" endtime="20211119 01:37:36.824"/>
</kw>
<status status="PASS" starttime="20211119 01:37:36.470" endtime="20211119 01:37:36.824"/>
</kw>
<status status="PASS" starttime="20211119 01:37:36.470" endtime="20211119 01:37:36.824"/>
</kw>
<status status="PASS" starttime="20211119 01:37:36.469" endtime="20211119 01:37:36.824"/>
</kw>
<kw name="Então o sistema não permite login e exibe mensagem de erro" library="base_tests" sourcename="Então ${keyword}">
<kw name="Run Keyword" library="BuiltIn">
<arg>${keyword}</arg>
<doc>Executes the given keyword with the given arguments.</doc>
<kw name="o sistema não permite login e exibe mensagem de erro" library="acesso">
<kw name="Verificar que o usuário não logou" library="acesso">
<kw name="Sleep" library="BuiltIn">
<arg>15s</arg>
<doc>Pauses the test executed for the given time.</doc>
<msg timestamp="20211119 01:37:51.839" level="INFO">Slept 15 seconds</msg>
<status status="PASS" starttime="20211119 01:37:36.826" endtime="20211119 01:37:51.839"/>
</kw>
<kw name="Verificar o título da página de login" library="acesso">
<kw name="Title Should Be" library="SeleniumLibrary">
<arg>${PAGE_TITLE_IS_LOGIN_YOUCOM}</arg>
<doc>Verifies that the current page title equals ``title``.</doc>
<msg timestamp="20211119 01:37:51.847" level="INFO">Page title is 'Login - YouCom'.</msg>
<status status="PASS" starttime="20211119 01:37:51.841" endtime="20211119 01:37:51.847"/>
</kw>
<status status="PASS" starttime="20211119 01:37:51.840" endtime="20211119 01:37:51.847"/>
</kw>
<status status="PASS" starttime="20211119 01:37:36.825" endtime="20211119 01:37:51.847"/>
</kw>
<kw name="Capturar screenshot" library="acesso">
<kw name="Capture Page Screenshot" library="SeleniumLibrary">
<doc>Takes a screenshot of the current page and embeds it into a log file.</doc>
<msg timestamp="20211119 01:37:51.939" level="INFO" html="true">&lt;/td&gt;&lt;/tr&gt;&lt;tr&gt;&lt;td colspan="3"&gt;&lt;a href="selenium-screenshot-27.png"&gt;&lt;img src="selenium-screenshot-27.png" width="800px"&gt;&lt;/a&gt;</msg>
<status status="PASS" starttime="20211119 01:37:51.847" endtime="20211119 01:37:51.939"/>
</kw>
<status status="PASS" starttime="20211119 01:37:51.847" endtime="20211119 01:37:51.939"/>
</kw>
<status status="PASS" starttime="20211119 01:37:36.825" endtime="20211119 01:37:51.939"/>
</kw>
<status status="PASS" starttime="20211119 01:37:36.825" endtime="20211119 01:37:51.940"/>
</kw>
<status status="PASS" starttime="20211119 01:37:36.825" endtime="20211119 01:37:51.940"/>
</kw>
<kw name="Encerra sessão" library="base_tests" type="TEARDOWN">
<kw name="Close Browser" library="SeleniumLibrary">
<doc>Closes the current browser.</doc>
<status status="PASS" starttime="20211119 01:37:51.941" endtime="20211119 01:37:54.058"/>
</kw>
<status status="PASS" starttime="20211119 01:37:51.940" endtime="20211119 01:37:54.058"/>
</kw>
<status status="PASS" starttime="20211119 01:37:30.966" endtime="20211119 01:37:54.059"/>
</test>
<test id="s1-t3" name="Cenário 01.003: Validar que sistema permite login de usuário cadastrado">
<kw name="Nova sessão" library="base_tests" type="SETUP">
<kw name="Open Browser" library="SeleniumLibrary">
<arg>${HOME_URL}</arg>
<arg>${BROWSER}</arg>
<doc>Opens a new browser instance to the optional ``url``.</doc>
<msg timestamp="20211119 01:37:54.062" level="INFO">Opening browser 'chrome' to base url 'https://youcom.core-hlg.dcg.com.br/'.</msg>
<status status="PASS" starttime="20211119 01:37:54.061" endtime="20211119 01:37:57.814"/>
</kw>
<kw name="Set Window Size" library="SeleniumLibrary">
<arg>1366</arg>
<arg>924</arg>
<doc>Sets current windows size to given ``width`` and ``height``.</doc>
<status status="PASS" starttime="20211119 01:37:57.815" endtime="20211119 01:37:57.937"/>
</kw>
<status status="PASS" starttime="20211119 01:37:54.061" endtime="20211119 01:37:57.937"/>
</kw>
<kw name="Dado que acesso a tela de login e cadastro" library="base_tests" sourcename="Dado ${keyword}">
<kw name="Run Keyword" library="BuiltIn">
<arg>${keyword}</arg>
<doc>Executes the given keyword with the given arguments.</doc>
<kw name="que acesso a tela de login e cadastro" library="acesso">
<kw name="Clicar no botão de 'entre ou cadastre-se'" library="acesso">
<kw name="Click Element" library="SeleniumLibrary">
<arg>${HOME_BTN_ENTRE_OU_CADASTRE}</arg>
<doc>Click the element identified by ``locator``.</doc>
<msg timestamp="20211119 01:37:57.939" level="INFO">Clicking element 'xpath://*[@id="header"]/div[3]/div[1]/div/div[2]/div[3]/div/div/div/a/span[2]'.</msg>
<status status="PASS" starttime="20211119 01:37:57.939" endtime="20211119 01:37:59.424"/>
</kw>
<status status="PASS" starttime="20211119 01:37:57.939" endtime="20211119 01:37:59.424"/>
</kw>
<kw name="Verificar o título da página de login" library="acesso">
<kw name="Title Should Be" library="SeleniumLibrary">
<arg>${PAGE_TITLE_IS_LOGIN_YOUCOM}</arg>
<doc>Verifies that the current page title equals ``title``.</doc>
<msg timestamp="20211119 01:37:59.430" level="INFO">Page title is 'Login - YouCom'.</msg>
<status status="PASS" starttime="20211119 01:37:59.425" endtime="20211119 01:37:59.430"/>
</kw>
<status status="PASS" starttime="20211119 01:37:59.424" endtime="20211119 01:37:59.430"/>
</kw>
<kw name="Verificar se a página contém elemento da tela de login" library="acesso">
<kw name="Page Should Contain Element" library="SeleniumLibrary">
<arg>${ACESSO_BTN_LOGIN}</arg>
<doc>Verifies that element ``locator`` is found on the current page.</doc>
<msg timestamp="20211119 01:37:59.441" level="INFO">Current page contains element 'xpath://*[@id="widget75-submit"]'.</msg>
<status status="PASS" starttime="20211119 01:37:59.431" endtime="20211119 01:37:59.442"/>
</kw>
<kw name="Page Should Contain" library="SeleniumLibrary">
<arg>${ACESSO_BREADCRUMP}</arg>
<doc>Verifies that current page contains ``text``.</doc>
<msg timestamp="20211119 01:37:59.455" level="INFO">Current page contains text 'Identificação'.</msg>
<status status="PASS" starttime="20211119 01:37:59.442" endtime="20211119 01:37:59.455"/>
</kw>
<status status="PASS" starttime="20211119 01:37:59.431" endtime="20211119 01:37:59.455"/>
</kw>
<kw name="Capturar screenshot" library="acesso">
<kw name="Capture Page Screenshot" library="SeleniumLibrary">
<doc>Takes a screenshot of the current page and embeds it into a log file.</doc>
<msg timestamp="20211119 01:37:59.561" level="INFO" html="true">&lt;/td&gt;&lt;/tr&gt;&lt;tr&gt;&lt;td colspan="3"&gt;&lt;a href="selenium-screenshot-28.png"&gt;&lt;img src="selenium-screenshot-28.png" width="800px"&gt;&lt;/a&gt;</msg>
<status status="PASS" starttime="20211119 01:37:59.455" endtime="20211119 01:37:59.561"/>
</kw>
<status status="PASS" starttime="20211119 01:37:59.455" endtime="20211119 01:37:59.561"/>
</kw>
<status status="PASS" starttime="20211119 01:37:57.939" endtime="20211119 01:37:59.561"/>
</kw>
<status status="PASS" starttime="20211119 01:37:57.938" endtime="20211119 01:37:59.561"/>
</kw>
<status status="PASS" starttime="20211119 01:37:57.938" endtime="20211119 01:37:59.561"/>
</kw>
<kw name="Quando o usuario cadastrado informa seus dados corretamente" library="base_tests" sourcename="Quando ${keyword}">
<kw name="Run Keyword" library="BuiltIn">
<arg>${keyword}</arg>
<doc>Executes the given keyword with the given arguments.</doc>
<kw name="o usuario cadastrado informa seus dados corretamente" library="acesso">
<kw name="Preencher o campo email &quot;testerenner1@gmail.com&quot; e senha &quot;Mudar123&quot; da tela de login" library="acesso" sourcename="Preencher o campo email &quot;${email}&quot; e senha &quot;${senha}&quot; da tela de login">
<kw name="Input Text" library="SeleniumLibrary">
<arg>${ACESSO_FIELD_USERNAME}</arg>
<arg>${email}</arg>
<doc>Types the given ``text`` into the text field identified by ``locator``.</doc>
<msg timestamp="20211119 01:37:59.564" level="INFO">Typing text 'testerenner1@gmail.com' into text field 'id:widget75-email'.</msg>
<status status="PASS" starttime="20211119 01:37:59.564" endtime="20211119 01:37:59.654"/>
</kw>
<kw name="Input Text" library="SeleniumLibrary">
<arg>${ACESSO_FIELD_PASSWORD}</arg>
<arg>${senha}</arg>
<doc>Types the given ``text`` into the text field identified by ``locator``.</doc>
<msg timestamp="20211119 01:37:59.654" level="INFO">Typing text 'Mudar123' into text field 'id:widget75-password'.</msg>
<status status="PASS" starttime="20211119 01:37:59.654" endtime="20211119 01:37:59.729"/>
</kw>
<kw name="Log" library="BuiltIn">
<arg>${email}</arg>
<doc>Logs the given message with the given level.</doc>
<msg timestamp="20211119 01:37:59.730" level="INFO">testerenner1@gmail.com</msg>
<status status="PASS" starttime="20211119 01:37:59.730" endtime="20211119 01:37:59.730"/>
</kw>
<kw name="Log" library="BuiltIn">
<arg>${senha}</arg>
<doc>Logs the given message with the given level.</doc>
<msg timestamp="20211119 01:37:59.730" level="INFO">Mudar123</msg>
<status status="PASS" starttime="20211119 01:37:59.730" endtime="20211119 01:37:59.730"/>
</kw>
<status status="PASS" starttime="20211119 01:37:59.564" endtime="20211119 01:37:59.730"/>
</kw>
<kw name="Clicar no botão 'entrar'" library="acesso">
<kw name="Click Element" library="SeleniumLibrary">
<arg>${ACESSO_BTN_LOGIN}</arg>
<doc>Click the element identified by ``locator``.</doc>
<msg timestamp="20211119 01:37:59.731" level="INFO">Clicking element 'xpath://*[@id="widget75-submit"]'.</msg>
<status status="PASS" starttime="20211119 01:37:59.731" endtime="20211119 01:37:59.781"/>
</kw>
<status status="PASS" starttime="20211119 01:37:59.730" endtime="20211119 01:37:59.782"/>
</kw>
<kw name="Capturar screenshot" library="acesso">
<kw name="Capture Page Screenshot" library="SeleniumLibrary">
<doc>Takes a screenshot of the current page and embeds it into a log file.</doc>
<msg timestamp="20211119 01:37:59.917" level="INFO" html="true">&lt;/td&gt;&lt;/tr&gt;&lt;tr&gt;&lt;td colspan="3"&gt;&lt;a href="selenium-screenshot-29.png"&gt;&lt;img src="selenium-screenshot-29.png" width="800px"&gt;&lt;/a&gt;</msg>
<status status="PASS" starttime="20211119 01:37:59.782" endtime="20211119 01:37:59.917"/>
</kw>
<status status="PASS" starttime="20211119 01:37:59.782" endtime="20211119 01:37:59.917"/>
</kw>
<status status="PASS" starttime="20211119 01:37:59.563" endtime="20211119 01:37:59.917"/>
</kw>
<status status="PASS" starttime="20211119 01:37:59.563" endtime="20211119 01:37:59.917"/>
</kw>
<status status="PASS" starttime="20211119 01:37:59.562" endtime="20211119 01:37:59.917"/>
</kw>
<kw name="Então o usuário acessa sua conta" library="base_tests" sourcename="Então ${keyword}">
<kw name="Run Keyword" library="BuiltIn">
<arg>${keyword}</arg>
<doc>Executes the given keyword with the given arguments.</doc>
<kw name="o usuário acessa sua conta" library="acesso">
<kw name="Aguardar carregamento da página de welcome" library="acesso">
<kw name="Sleep" library="BuiltIn">
<arg>5s</arg>
<doc>Pauses the test executed for the given time.</doc>
<msg timestamp="20211119 01:38:04.924" level="INFO">Slept 5 seconds</msg>
<status status="PASS" starttime="20211119 01:37:59.920" endtime="20211119 01:38:04.924"/>
</kw>
<status status="PASS" starttime="20211119 01:37:59.920" endtime="20211119 01:38:04.924"/>
</kw>
<kw name="Verificar mensagem de boas vindas" library="acesso">
<kw name="Get Text" library="SeleniumLibrary">
<var>${GET_WELCOME_TEXT}</var>
<arg>${ACESSO_WELCOME_GET_USER}</arg>
<doc>Returns the text value of the element identified by ``locator``.</doc>
<kw name="Capture Page Screenshot" library="SeleniumLibrary">
<doc>Takes a screenshot of the current page and embeds it into a log file.</doc>
<msg timestamp="20211119 01:38:05.022" level="INFO" html="true">&lt;/td&gt;&lt;/tr&gt;&lt;tr&gt;&lt;td colspan="3"&gt;&lt;a href="selenium-screenshot-30.png"&gt;&lt;img src="selenium-screenshot-30.png" width="800px"&gt;&lt;/a&gt;</msg>
<status status="PASS" starttime="20211119 01:38:04.936" endtime="20211119 01:38:05.022"/>
</kw>
<msg timestamp="20211119 01:38:05.023" level="FAIL">Element with locator 'div[class='col-lg-9 welcome p-0'] span:nth-child(1)' not found.</msg>
<status status="FAIL" starttime="20211119 01:38:04.924" endtime="20211119 01:38:05.023"/>
</kw>
<kw name="Log" library="BuiltIn">
<arg>${GET_WELCOME_TEXT}</arg>
<doc>Logs the given message with the given level.</doc>
<status status="NOT RUN" starttime="20211119 01:38:05.024" endtime="20211119 01:38:05.024"/>
</kw>
<kw name="Should Be Equal" library="BuiltIn">
<arg>${GET_WELCOME_TEXT}</arg>
<arg>${ACESSO_WELCOME_EXPECTED_USER}</arg>
<doc>Fails if the given objects are unequal.</doc>
<status status="NOT RUN" starttime="20211119 01:38:05.024" endtime="20211119 01:38:05.024"/>
</kw>
<kw name="Capturar screenshot" library="acesso">
<status status="NOT RUN" starttime="20211119 01:38:05.024" endtime="20211119 01:38:05.024"/>
</kw>
<status status="FAIL" starttime="20211119 01:38:04.924" endtime="20211119 01:38:05.024"/>
</kw>
<kw name="Verificar o título da página de welcome">
<status status="NOT RUN" starttime="20211119 01:38:05.027" endtime="20211119 01:38:05.027"/>
</kw>
<kw name="Capturar screenshot" library="acesso">
<status status="NOT RUN" starttime="20211119 01:38:05.027" endtime="20211119 01:38:05.027"/>
</kw>
<status status="FAIL" starttime="20211119 01:37:59.919" endtime="20211119 01:38:05.027"/>
</kw>
<status status="FAIL" starttime="20211119 01:37:59.919" endtime="20211119 01:38:05.027"/>
</kw>
<status status="FAIL" starttime="20211119 01:37:59.918" endtime="20211119 01:38:05.028"/>
</kw>
<kw name="Encerra sessão" library="base_tests" type="TEARDOWN">
<kw name="Close Browser" library="SeleniumLibrary">
<doc>Closes the current browser.</doc>
<status status="PASS" starttime="20211119 01:38:05.029" endtime="20211119 01:38:07.186"/>
</kw>
<status status="PASS" starttime="20211119 01:38:05.029" endtime="20211119 01:38:07.186"/>
</kw>
<tag>teste</tag>
<status status="FAIL" starttime="20211119 01:37:54.060" endtime="20211119 01:38:07.187">Element with locator 'div[class='col-lg-9 welcome p-0'] span:nth-child(1)' not found.</status>
</test>
<status status="FAIL" starttime="20211119 01:37:07.437" endtime="20211119 01:38:07.189"/>
</suite>
<statistics>
<total>
<stat pass="2" fail="1" skip="0">All Tests</stat>
</total>
<tag>
<stat pass="0" fail="1" skip="0">teste</stat>
</tag>
<suite>
<stat pass="2" fail="1" skip="0" id="s1" name="Login">Login</stat>
</suite>
</statistics>
<errors>
</errors>
</robot>
