<?xml version="1.0" encoding="UTF-8"?>
<robot generator="Robot 4.1.1 (Python 3.9.7 on win32)" generated="20211026 20:54:31.260" rpa="false" schemaversion="2">
<suite id="s1" name="Tests" source="c:\workspace\qaninja\robot\web\tests">
<suite id="s1-s1" name="Checkbox" source="c:\workspace\qaninja\robot\web\tests\checkbox.robot">
<test id="s1-s1-t1" name="Marcando opção com id">
<kw name="Nova sessão" library="base" type="SETUP">
<kw name="Open Browser" library="SeleniumLibrary">
<arg>${url}</arg>
<arg>chrome</arg>
<doc>Opens a new browser instance to the optional ``url``.</doc>
<msg timestamp="20211026 20:54:31.435" level="INFO">Opening browser 'chrome' to base url 'https://training-wheels-protocol.herokuapp.com/'.</msg>
<status status="PASS" starttime="20211026 20:54:31.435" endtime="20211026 20:54:34.932"/>
</kw>
<status status="PASS" starttime="20211026 20:54:31.435" endtime="20211026 20:54:34.933"/>
</kw>
<kw name="Go To" library="SeleniumLibrary">
<arg>${url}/checkboxes</arg>
<doc>Navigates the current browser window to the provided ``url``.</doc>
<msg timestamp="20211026 20:54:34.935" level="INFO">Opening url 'https://training-wheels-protocol.herokuapp.com//checkboxes'</msg>
<status status="PASS" starttime="20211026 20:54:34.934" endtime="20211026 20:54:35.239"/>
</kw>
<kw name="Select Checkbox" library="SeleniumLibrary">
<arg>${check_thor}</arg>
<doc>Selects the checkbox identified by ``locator``.</doc>
<msg timestamp="20211026 20:54:35.240" level="INFO">Selecting checkbox 'id:thor'.</msg>
<status status="PASS" starttime="20211026 20:54:35.240" endtime="20211026 20:54:35.306"/>
</kw>
<kw name="Checkbox Should Be Selected" library="SeleniumLibrary">
<arg>${check_thor}</arg>
<doc>Verifies checkbox ``locator`` is selected/checked.</doc>
<msg timestamp="20211026 20:54:35.307" level="INFO">Verifying checkbox 'id:thor' is selected.</msg>
<status status="PASS" starttime="20211026 20:54:35.307" endtime="20211026 20:54:35.329"/>
</kw>
<kw name="Encerra sessão" library="base" type="TEARDOWN">
<kw name="Capture Page Screenshot" library="SeleniumLibrary">
<doc>Takes a screenshot of the current page and embeds it into a log file.</doc>
<msg timestamp="20211026 20:54:35.453" level="INFO" html="true">&lt;/td&gt;&lt;/tr&gt;&lt;tr&gt;&lt;td colspan="3"&gt;&lt;a href="selenium-screenshot-1.png"&gt;&lt;img src="selenium-screenshot-1.png" width="800px"&gt;&lt;/a&gt;</msg>
<status status="PASS" starttime="20211026 20:54:35.330" endtime="20211026 20:54:35.453"/>
</kw>
<kw name="Close Browser" library="SeleniumLibrary">
<doc>Closes the current browser.</doc>
<status status="PASS" starttime="20211026 20:54:35.453" endtime="20211026 20:54:37.547"/>
</kw>
<status status="PASS" starttime="20211026 20:54:35.330" endtime="20211026 20:54:37.547"/>
</kw>
<status status="PASS" starttime="20211026 20:54:31.435" endtime="20211026 20:54:37.547"/>
</test>
<test id="s1-s1-t2" name="Marcando opção com CSS Selector">
<kw name="Nova sessão" library="base" type="SETUP">
<kw name="Open Browser" library="SeleniumLibrary">
<arg>${url}</arg>
<arg>chrome</arg>
<doc>Opens a new browser instance to the optional ``url``.</doc>
<msg timestamp="20211026 20:54:37.547" level="INFO">Opening browser 'chrome' to base url 'https://training-wheels-protocol.herokuapp.com/'.</msg>
<status status="PASS" starttime="20211026 20:54:37.547" endtime="20211026 20:54:41.146"/>
</kw>
<status status="PASS" starttime="20211026 20:54:37.547" endtime="20211026 20:54:41.147"/>
</kw>
<kw name="Go To" library="SeleniumLibrary">
<arg>${url}/checkboxes</arg>
<doc>Navigates the current browser window to the provided ``url``.</doc>
<msg timestamp="20211026 20:54:41.149" level="INFO">Opening url 'https://training-wheels-protocol.herokuapp.com//checkboxes'</msg>
<status status="PASS" starttime="20211026 20:54:41.148" endtime="20211026 20:54:41.462"/>
</kw>
<kw name="Select Checkbox" library="SeleniumLibrary">
<arg>${check_iron}</arg>
<doc>Selects the checkbox identified by ``locator``.</doc>
<msg timestamp="20211026 20:54:41.465" level="INFO">Selecting checkbox 'css:input[value='iron-man']'.</msg>
<status status="PASS" starttime="20211026 20:54:41.464" endtime="20211026 20:54:41.532"/>
</kw>
<kw name="Checkbox Should Be Selected" library="SeleniumLibrary">
<arg>${check_iron}</arg>
<doc>Verifies checkbox ``locator`` is selected/checked.</doc>
<msg timestamp="20211026 20:54:41.533" level="INFO">Verifying checkbox 'css:input[value='iron-man']' is selected.</msg>
<status status="PASS" starttime="20211026 20:54:41.532" endtime="20211026 20:54:41.558"/>
</kw>
<kw name="Encerra sessão" library="base" type="TEARDOWN">
<kw name="Capture Page Screenshot" library="SeleniumLibrary">
<doc>Takes a screenshot of the current page and embeds it into a log file.</doc>
<msg timestamp="20211026 20:54:41.713" level="INFO" html="true">&lt;/td&gt;&lt;/tr&gt;&lt;tr&gt;&lt;td colspan="3"&gt;&lt;a href="selenium-screenshot-2.png"&gt;&lt;img src="selenium-screenshot-2.png" width="800px"&gt;&lt;/a&gt;</msg>
<status status="PASS" starttime="20211026 20:54:41.559" endtime="20211026 20:54:41.714"/>
</kw>
<kw name="Close Browser" library="SeleniumLibrary">
<doc>Closes the current browser.</doc>
<status status="PASS" starttime="20211026 20:54:41.714" endtime="20211026 20:54:43.800"/>
</kw>
<status status="PASS" starttime="20211026 20:54:41.559" endtime="20211026 20:54:43.800"/>
</kw>
<status status="PASS" starttime="20211026 20:54:37.547" endtime="20211026 20:54:43.801"/>
</test>
<test id="s1-s1-t3" name="Marcando opção com xpath">
<kw name="Nova sessão" library="base" type="SETUP">
<kw name="Open Browser" library="SeleniumLibrary">
<arg>${url}</arg>
<arg>chrome</arg>
<doc>Opens a new browser instance to the optional ``url``.</doc>
<msg timestamp="20211026 20:54:43.804" level="INFO">Opening browser 'chrome' to base url 'https://training-wheels-protocol.herokuapp.com/'.</msg>
<status status="PASS" starttime="20211026 20:54:43.803" endtime="20211026 20:54:47.456"/>
</kw>
<status status="PASS" starttime="20211026 20:54:43.803" endtime="20211026 20:54:47.457"/>
</kw>
<kw name="Go To" library="SeleniumLibrary">
<arg>${url}/checkboxes</arg>
<doc>Navigates the current browser window to the provided ``url``.</doc>
<msg timestamp="20211026 20:54:47.458" level="INFO">Opening url 'https://training-wheels-protocol.herokuapp.com//checkboxes'</msg>
<status status="PASS" starttime="20211026 20:54:47.458" endtime="20211026 20:54:47.753"/>
</kw>
<kw name="Select Checkbox" library="SeleniumLibrary">
<arg>${check_panther}</arg>
<doc>Selects the checkbox identified by ``locator``.</doc>
<msg timestamp="20211026 20:54:47.755" level="INFO">Selecting checkbox 'xpath://*[@id='checkboxes']/input[7]'.</msg>
<status status="PASS" starttime="20211026 20:54:47.754" endtime="20211026 20:54:47.828"/>
</kw>
<kw name="Checkbox Should Be Selected" library="SeleniumLibrary">
<arg>${check_panther}</arg>
<doc>Verifies checkbox ``locator`` is selected/checked.</doc>
<msg timestamp="20211026 20:54:47.830" level="INFO">Verifying checkbox 'xpath://*[@id='checkboxes']/input[7]' is selected.</msg>
<status status="PASS" starttime="20211026 20:54:47.829" endtime="20211026 20:54:47.857"/>
</kw>
<kw name="Encerra sessão" library="base" type="TEARDOWN">
<kw name="Capture Page Screenshot" library="SeleniumLibrary">
<doc>Takes a screenshot of the current page and embeds it into a log file.</doc>
<msg timestamp="20211026 20:54:48.022" level="INFO" html="true">&lt;/td&gt;&lt;/tr&gt;&lt;tr&gt;&lt;td colspan="3"&gt;&lt;a href="selenium-screenshot-3.png"&gt;&lt;img src="selenium-screenshot-3.png" width="800px"&gt;&lt;/a&gt;</msg>
<status status="PASS" starttime="20211026 20:54:47.858" endtime="20211026 20:54:48.022"/>
</kw>
<kw name="Close Browser" library="SeleniumLibrary">
<doc>Closes the current browser.</doc>
<status status="PASS" starttime="20211026 20:54:48.022" endtime="20211026 20:54:50.115"/>
</kw>
<status status="PASS" starttime="20211026 20:54:47.858" endtime="20211026 20:54:50.115"/>
</kw>
<tag>ironman</tag>
<status status="PASS" starttime="20211026 20:54:43.803" endtime="20211026 20:54:50.116"/>
</test>
<status status="PASS" starttime="20211026 20:54:31.278" endtime="20211026 20:54:50.117"/>
</suite>
<suite id="s1-s2" name="Login Form" source="c:\workspace\qaninja\robot\web\tests\login_form.robot">
<test id="s1-s2-t1" name="Login com sucesso">
<kw name="Nova sessão" library="base" type="SETUP">
<kw name="Open Browser" library="SeleniumLibrary">
<arg>${url}</arg>
<arg>chrome</arg>
<doc>Opens a new browser instance to the optional ``url``.</doc>
<msg timestamp="20211026 20:54:50.125" level="INFO">Opening browser 'chrome' to base url 'https://training-wheels-protocol.herokuapp.com/'.</msg>
<status status="PASS" starttime="20211026 20:54:50.125" endtime="20211026 20:54:53.675"/>
</kw>
<status status="PASS" starttime="20211026 20:54:50.125" endtime="20211026 20:54:53.675"/>
</kw>
<kw name="Go To" library="SeleniumLibrary">
<arg>${url}/login</arg>
<doc>Navigates the current browser window to the provided ``url``.</doc>
<msg timestamp="20211026 20:54:53.676" level="INFO">Opening url 'https://training-wheels-protocol.herokuapp.com//login'</msg>
<status status="PASS" starttime="20211026 20:54:53.676" endtime="20211026 20:54:54.152"/>
</kw>
<kw name="Login With">
<arg>stark</arg>
<arg>jarvis!</arg>
<kw name="Input Text" library="SeleniumLibrary">
<arg>css:input[name=username]</arg>
<arg>${uname}</arg>
<doc>Types the given ``text`` into the text field identified by ``locator``.</doc>
<msg timestamp="20211026 20:54:54.153" level="INFO">Typing text 'stark' into text field 'css:input[name=username]'.</msg>
<status status="PASS" starttime="20211026 20:54:54.153" endtime="20211026 20:54:54.231"/>
</kw>
<kw name="Input Text" library="SeleniumLibrary">
<arg>css:input[name=password]</arg>
<arg>${pass}</arg>
<doc>Types the given ``text`` into the text field identified by ``locator``.</doc>
<msg timestamp="20211026 20:54:54.231" level="INFO">Typing text 'jarvis!' into text field 'css:input[name=password]'.</msg>
<status status="PASS" starttime="20211026 20:54:54.231" endtime="20211026 20:54:54.300"/>
</kw>
<kw name="Click Element" library="SeleniumLibrary">
<arg>class:btn-login</arg>
<doc>Click the element identified by ``locator``.</doc>
<msg timestamp="20211026 20:54:54.301" level="INFO">Clicking element 'class:btn-login'.</msg>
<status status="PASS" starttime="20211026 20:54:54.301" endtime="20211026 20:54:54.810"/>
</kw>
<status status="PASS" starttime="20211026 20:54:54.153" endtime="20211026 20:54:54.810"/>
</kw>
<kw name="Should See User Logged">
<arg>Tony Stark</arg>
<kw name="Page Should Contain" library="SeleniumLibrary">
<arg>Olá, ${full_name}. Você acessou a área logada!</arg>
<doc>Verifies that current page contains ``text``.</doc>
<msg timestamp="20211026 20:54:54.824" level="INFO">Current page contains text 'Olá, Tony Stark. Você acessou a área logada!'.</msg>
<status status="PASS" starttime="20211026 20:54:54.811" endtime="20211026 20:54:54.824"/>
</kw>
<status status="PASS" starttime="20211026 20:54:54.811" endtime="20211026 20:54:54.824"/>
</kw>
<kw name="Encerra sessão" library="base" type="TEARDOWN">
<kw name="Capture Page Screenshot" library="SeleniumLibrary">
<doc>Takes a screenshot of the current page and embeds it into a log file.</doc>
<msg timestamp="20211026 20:54:54.992" level="INFO" html="true">&lt;/td&gt;&lt;/tr&gt;&lt;tr&gt;&lt;td colspan="3"&gt;&lt;a href="selenium-screenshot-4.png"&gt;&lt;img src="selenium-screenshot-4.png" width="800px"&gt;&lt;/a&gt;</msg>
<status status="PASS" starttime="20211026 20:54:54.826" endtime="20211026 20:54:54.992"/>
</kw>
<kw name="Close Browser" library="SeleniumLibrary">
<doc>Closes the current browser.</doc>
<status status="PASS" starttime="20211026 20:54:54.992" endtime="20211026 20:54:57.064"/>
</kw>
<status status="PASS" starttime="20211026 20:54:54.826" endtime="20211026 20:54:57.064"/>
</kw>
<status status="PASS" starttime="20211026 20:54:50.124" endtime="20211026 20:54:57.065"/>
</test>
<test id="s1-s2-t2" name="Senha Invalida">
<kw name="Nova sessão" library="base" type="SETUP">
<kw name="Open Browser" library="SeleniumLibrary">
<arg>${url}</arg>
<arg>chrome</arg>
<doc>Opens a new browser instance to the optional ``url``.</doc>
<msg timestamp="20211026 20:54:57.068" level="INFO">Opening browser 'chrome' to base url 'https://training-wheels-protocol.herokuapp.com/'.</msg>
<status status="PASS" starttime="20211026 20:54:57.068" endtime="20211026 20:55:00.754"/>
</kw>
<status status="PASS" starttime="20211026 20:54:57.068" endtime="20211026 20:55:00.754"/>
</kw>
<kw name="Go To" library="SeleniumLibrary">
<arg>${url}/login</arg>
<doc>Navigates the current browser window to the provided ``url``.</doc>
<msg timestamp="20211026 20:55:00.756" level="INFO">Opening url 'https://training-wheels-protocol.herokuapp.com//login'</msg>
<status status="PASS" starttime="20211026 20:55:00.755" endtime="20211026 20:55:01.308"/>
</kw>
<kw name="Login With">
<arg>stark</arg>
<arg>abc123</arg>
<kw name="Input Text" library="SeleniumLibrary">
<arg>css:input[name=username]</arg>
<arg>${uname}</arg>
<doc>Types the given ``text`` into the text field identified by ``locator``.</doc>
<msg timestamp="20211026 20:55:01.309" level="INFO">Typing text 'stark' into text field 'css:input[name=username]'.</msg>
<status status="PASS" starttime="20211026 20:55:01.309" endtime="20211026 20:55:01.406"/>
</kw>
<kw name="Input Text" library="SeleniumLibrary">
<arg>css:input[name=password]</arg>
<arg>${pass}</arg>
<doc>Types the given ``text`` into the text field identified by ``locator``.</doc>
<msg timestamp="20211026 20:55:01.407" level="INFO">Typing text 'abc123' into text field 'css:input[name=password]'.</msg>
<status status="PASS" starttime="20211026 20:55:01.406" endtime="20211026 20:55:01.473"/>
</kw>
<kw name="Click Element" library="SeleniumLibrary">
<arg>class:btn-login</arg>
<doc>Click the element identified by ``locator``.</doc>
<msg timestamp="20211026 20:55:01.473" level="INFO">Clicking element 'class:btn-login'.</msg>
<status status="PASS" starttime="20211026 20:55:01.473" endtime="20211026 20:55:01.925"/>
</kw>
<status status="PASS" starttime="20211026 20:55:01.309" endtime="20211026 20:55:01.926"/>
</kw>
<kw name="Should Contain Login Alert">
<arg>Senha é invalida!</arg>
<kw name="Get WebElement" library="SeleniumLibrary">
<var>${message}</var>
<arg>id:flash</arg>
<doc>Returns the first WebElement matching the given ``locator``.</doc>
<msg timestamp="20211026 20:55:01.938" level="INFO">${message} = &lt;selenium.webdriver.remote.webelement.WebElement (session="36bceb94657e46b9aa5e2f5f4d561291", element="aa9cc9c0-9feb-4df2-bde1-3a328f795fbc")&gt;</msg>
<status status="PASS" starttime="20211026 20:55:01.926" endtime="20211026 20:55:01.938"/>
</kw>
<kw name="Should Contain" library="BuiltIn">
<arg>${message.text}</arg>
<arg>${expect_message}</arg>
<doc>Fails if ``container`` does not contain ``item`` one or more times.</doc>
<status status="PASS" starttime="20211026 20:55:01.938" endtime="20211026 20:55:01.950"/>
</kw>
<status status="PASS" starttime="20211026 20:55:01.926" endtime="20211026 20:55:01.950"/>
</kw>
<kw name="Encerra sessão" library="base" type="TEARDOWN">
<kw name="Capture Page Screenshot" library="SeleniumLibrary">
<doc>Takes a screenshot of the current page and embeds it into a log file.</doc>
<msg timestamp="20211026 20:55:02.163" level="INFO" html="true">&lt;/td&gt;&lt;/tr&gt;&lt;tr&gt;&lt;td colspan="3"&gt;&lt;a href="selenium-screenshot-5.png"&gt;&lt;img src="selenium-screenshot-5.png" width="800px"&gt;&lt;/a&gt;</msg>
<status status="PASS" starttime="20211026 20:55:01.951" endtime="20211026 20:55:02.163"/>
</kw>
<kw name="Close Browser" library="SeleniumLibrary">
<doc>Closes the current browser.</doc>
<status status="PASS" starttime="20211026 20:55:02.163" endtime="20211026 20:55:04.258"/>
</kw>
<status status="PASS" starttime="20211026 20:55:01.950" endtime="20211026 20:55:04.259"/>
</kw>
<tag>login_error</tag>
<status status="PASS" starttime="20211026 20:54:57.067" endtime="20211026 20:55:04.261"/>
</test>
<test id="s1-s2-t3" name="Usuário não existe">
<kw name="Nova sessão" library="base" type="SETUP">
<kw name="Open Browser" library="SeleniumLibrary">
<arg>${url}</arg>
<arg>chrome</arg>
<doc>Opens a new browser instance to the optional ``url``.</doc>
<msg timestamp="20211026 20:55:04.274" level="INFO">Opening browser 'chrome' to base url 'https://training-wheels-protocol.herokuapp.com/'.</msg>
<status status="PASS" starttime="20211026 20:55:04.273" endtime="20211026 20:55:07.817"/>
</kw>
<status status="PASS" starttime="20211026 20:55:04.271" endtime="20211026 20:55:07.817"/>
</kw>
<kw name="Go To" library="SeleniumLibrary">
<arg>${url}/login</arg>
<doc>Navigates the current browser window to the provided ``url``.</doc>
<msg timestamp="20211026 20:55:07.818" level="INFO">Opening url 'https://training-wheels-protocol.herokuapp.com//login'</msg>
<status status="PASS" starttime="20211026 20:55:07.818" endtime="20211026 20:55:08.206"/>
</kw>
<kw name="Login With">
<arg>papito</arg>
<arg>123456</arg>
<kw name="Input Text" library="SeleniumLibrary">
<arg>css:input[name=username]</arg>
<arg>${uname}</arg>
<doc>Types the given ``text`` into the text field identified by ``locator``.</doc>
<msg timestamp="20211026 20:55:08.208" level="INFO">Typing text 'papito' into text field 'css:input[name=username]'.</msg>
<status status="PASS" starttime="20211026 20:55:08.207" endtime="20211026 20:55:08.304"/>
</kw>
<kw name="Input Text" library="SeleniumLibrary">
<arg>css:input[name=password]</arg>
<arg>${pass}</arg>
<doc>Types the given ``text`` into the text field identified by ``locator``.</doc>
<msg timestamp="20211026 20:55:08.305" level="INFO">Typing text '123456' into text field 'css:input[name=password]'.</msg>
<status status="PASS" starttime="20211026 20:55:08.304" endtime="20211026 20:55:08.376"/>
</kw>
<kw name="Click Element" library="SeleniumLibrary">
<arg>class:btn-login</arg>
<doc>Click the element identified by ``locator``.</doc>
<msg timestamp="20211026 20:55:08.377" level="INFO">Clicking element 'class:btn-login'.</msg>
<status status="PASS" starttime="20211026 20:55:08.377" endtime="20211026 20:55:08.772"/>
</kw>
<status status="PASS" starttime="20211026 20:55:08.207" endtime="20211026 20:55:08.773"/>
</kw>
<kw name="Should Contain Login Alert">
<arg>O usuário informado não está cadastrado!</arg>
<kw name="Get WebElement" library="SeleniumLibrary">
<var>${message}</var>
<arg>id:flash</arg>
<doc>Returns the first WebElement matching the given ``locator``.</doc>
<msg timestamp="20211026 20:55:08.787" level="INFO">${message} = &lt;selenium.webdriver.remote.webelement.WebElement (session="76c1469a51a2cf73aad2af76333ebd28", element="b06a11d8-d443-4571-8aba-ed6360b9a6c6")&gt;</msg>
<status status="PASS" starttime="20211026 20:55:08.774" endtime="20211026 20:55:08.787"/>
</kw>
<kw name="Should Contain" library="BuiltIn">
<arg>${message.text}</arg>
<arg>${expect_message}</arg>
<doc>Fails if ``container`` does not contain ``item`` one or more times.</doc>
<status status="PASS" starttime="20211026 20:55:08.788" endtime="20211026 20:55:08.801"/>
</kw>
<status status="PASS" starttime="20211026 20:55:08.773" endtime="20211026 20:55:08.801"/>
</kw>
<kw name="Encerra sessão" library="base" type="TEARDOWN">
<kw name="Capture Page Screenshot" library="SeleniumLibrary">
<doc>Takes a screenshot of the current page and embeds it into a log file.</doc>
<msg timestamp="20211026 20:55:08.991" level="INFO" html="true">&lt;/td&gt;&lt;/tr&gt;&lt;tr&gt;&lt;td colspan="3"&gt;&lt;a href="selenium-screenshot-6.png"&gt;&lt;img src="selenium-screenshot-6.png" width="800px"&gt;&lt;/a&gt;</msg>
<status status="PASS" starttime="20211026 20:55:08.802" endtime="20211026 20:55:08.991"/>
</kw>
<kw name="Close Browser" library="SeleniumLibrary">
<doc>Closes the current browser.</doc>
<status status="PASS" starttime="20211026 20:55:08.991" endtime="20211026 20:55:11.080"/>
</kw>
<status status="PASS" starttime="20211026 20:55:08.802" endtime="20211026 20:55:11.081"/>
</kw>
<tag>login_user404</tag>
<status status="PASS" starttime="20211026 20:55:04.269" endtime="20211026 20:55:11.081"/>
</test>
<status status="PASS" starttime="20211026 20:54:50.119" endtime="20211026 20:55:11.084"/>
</suite>
<suite id="s1-s3" name="Radio" source="c:\workspace\qaninja\robot\web\tests\radio.robot">
<test id="s1-s3-t1" name="Selecionando por id">
<kw name="Nova sessão" library="base" type="SETUP">
<kw name="Open Browser" library="SeleniumLibrary">
<arg>${url}</arg>
<arg>chrome</arg>
<doc>Opens a new browser instance to the optional ``url``.</doc>
<msg timestamp="20211026 20:55:11.092" level="INFO">Opening browser 'chrome' to base url 'https://training-wheels-protocol.herokuapp.com/'.</msg>
<status status="PASS" starttime="20211026 20:55:11.092" endtime="20211026 20:55:15.338"/>
</kw>
<status status="PASS" starttime="20211026 20:55:11.092" endtime="20211026 20:55:15.339"/>
</kw>
<kw name="Go To" library="SeleniumLibrary">
<arg>${url}/radios</arg>
<doc>Navigates the current browser window to the provided ``url``.</doc>
<msg timestamp="20211026 20:55:15.339" level="INFO">Opening url 'https://training-wheels-protocol.herokuapp.com//radios'</msg>
<status status="PASS" starttime="20211026 20:55:15.339" endtime="20211026 20:55:15.684"/>
</kw>
<kw name="Select Radio Button" library="SeleniumLibrary">
<arg>movies</arg>
<arg>cap</arg>
<doc>Sets the radio button group ``group_name`` to ``value``.</doc>
<msg timestamp="20211026 20:55:15.685" level="INFO">Selecting 'cap' from radio button 'movies'.</msg>
<status status="PASS" starttime="20211026 20:55:15.685" endtime="20211026 20:55:15.737"/>
</kw>
<kw name="Radio Button Should Be Set To" library="SeleniumLibrary">
<arg>movies</arg>
<arg>cap</arg>
<doc>Verifies radio button group ``group_name`` is set to ``value``.</doc>
<msg timestamp="20211026 20:55:15.738" level="INFO">Verifying radio button 'movies' has selection 'cap'.</msg>
<status status="PASS" starttime="20211026 20:55:15.738" endtime="20211026 20:55:15.763"/>
</kw>
<kw name="Encerra sessão" library="base" type="TEARDOWN">
<kw name="Capture Page Screenshot" library="SeleniumLibrary">
<doc>Takes a screenshot of the current page and embeds it into a log file.</doc>
<msg timestamp="20211026 20:55:15.932" level="INFO" html="true">&lt;/td&gt;&lt;/tr&gt;&lt;tr&gt;&lt;td colspan="3"&gt;&lt;a href="selenium-screenshot-7.png"&gt;&lt;img src="selenium-screenshot-7.png" width="800px"&gt;&lt;/a&gt;</msg>
<status status="PASS" starttime="20211026 20:55:15.763" endtime="20211026 20:55:15.932"/>
</kw>
<kw name="Close Browser" library="SeleniumLibrary">
<doc>Closes the current browser.</doc>
<status status="PASS" starttime="20211026 20:55:15.932" endtime="20211026 20:55:18.060"/>
</kw>
<status status="PASS" starttime="20211026 20:55:15.763" endtime="20211026 20:55:18.060"/>
</kw>
<status status="PASS" starttime="20211026 20:55:11.091" endtime="20211026 20:55:18.061"/>
</test>
<test id="s1-s3-t2" name="Selecionando por value">
<kw name="Nova sessão" library="base" type="SETUP">
<kw name="Open Browser" library="SeleniumLibrary">
<arg>${url}</arg>
<arg>chrome</arg>
<doc>Opens a new browser instance to the optional ``url``.</doc>
<msg timestamp="20211026 20:55:18.064" level="INFO">Opening browser 'chrome' to base url 'https://training-wheels-protocol.herokuapp.com/'.</msg>
<status status="PASS" starttime="20211026 20:55:18.063" endtime="20211026 20:55:21.605"/>
</kw>
<status status="PASS" starttime="20211026 20:55:18.063" endtime="20211026 20:55:21.606"/>
</kw>
<kw name="Go To" library="SeleniumLibrary">
<arg>${url}/radios</arg>
<doc>Navigates the current browser window to the provided ``url``.</doc>
<msg timestamp="20211026 20:55:21.607" level="INFO">Opening url 'https://training-wheels-protocol.herokuapp.com//radios'</msg>
<status status="PASS" starttime="20211026 20:55:21.607" endtime="20211026 20:55:22.001"/>
</kw>
<kw name="Select Radio Button" library="SeleniumLibrary">
<arg>movies</arg>
<arg>guardians</arg>
<doc>Sets the radio button group ``group_name`` to ``value``.</doc>
<msg timestamp="20211026 20:55:22.002" level="INFO">Selecting 'guardians' from radio button 'movies'.</msg>
<status status="PASS" starttime="20211026 20:55:22.001" endtime="20211026 20:55:22.068"/>
</kw>
<kw name="Radio Button Should Be Set To" library="SeleniumLibrary">
<arg>movies</arg>
<arg>guardians</arg>
<doc>Verifies radio button group ``group_name`` is set to ``value``.</doc>
<msg timestamp="20211026 20:55:22.069" level="INFO">Verifying radio button 'movies' has selection 'guardians'.</msg>
<status status="PASS" starttime="20211026 20:55:22.068" endtime="20211026 20:55:22.129"/>
</kw>
<kw name="Encerra sessão" library="base" type="TEARDOWN">
<kw name="Capture Page Screenshot" library="SeleniumLibrary">
<doc>Takes a screenshot of the current page and embeds it into a log file.</doc>
<msg timestamp="20211026 20:55:22.303" level="INFO" html="true">&lt;/td&gt;&lt;/tr&gt;&lt;tr&gt;&lt;td colspan="3"&gt;&lt;a href="selenium-screenshot-8.png"&gt;&lt;img src="selenium-screenshot-8.png" width="800px"&gt;&lt;/a&gt;</msg>
<status status="PASS" starttime="20211026 20:55:22.130" endtime="20211026 20:55:22.303"/>
</kw>
<kw name="Close Browser" library="SeleniumLibrary">
<doc>Closes the current browser.</doc>
<status status="PASS" starttime="20211026 20:55:22.303" endtime="20211026 20:55:24.445"/>
</kw>
<status status="PASS" starttime="20211026 20:55:22.129" endtime="20211026 20:55:24.446"/>
</kw>
<status status="PASS" starttime="20211026 20:55:18.062" endtime="20211026 20:55:24.447"/>
</test>
<status status="PASS" starttime="20211026 20:55:11.087" endtime="20211026 20:55:24.448"/>
</suite>
<suite id="s1-s4" name="Select" source="c:\workspace\qaninja\robot\web\tests\select.robot">
<test id="s1-s4-t1" name="Selecionar por texto e validar pelo valor">
<kw name="Nova sessão" library="base" type="SETUP">
<kw name="Open Browser" library="SeleniumLibrary">
<arg>${url}</arg>
<arg>chrome</arg>
<doc>Opens a new browser instance to the optional ``url``.</doc>
<msg timestamp="20211026 20:55:24.457" level="INFO">Opening browser 'chrome' to base url 'https://training-wheels-protocol.herokuapp.com/'.</msg>
<status status="PASS" starttime="20211026 20:55:24.457" endtime="20211026 20:55:28.157"/>
</kw>
<status status="PASS" starttime="20211026 20:55:24.455" endtime="20211026 20:55:28.157"/>
</kw>
<kw name="Go To" library="SeleniumLibrary">
<arg>${url}/dropdown</arg>
<doc>Navigates the current browser window to the provided ``url``.</doc>
<msg timestamp="20211026 20:55:28.158" level="INFO">Opening url 'https://training-wheels-protocol.herokuapp.com//dropdown'</msg>
<status status="PASS" starttime="20211026 20:55:28.158" endtime="20211026 20:55:28.453"/>
</kw>
<kw name="Select From List By Label" library="SeleniumLibrary">
<arg>class:avenger-list</arg>
<arg>Scott Lang</arg>
<doc>Selects options from selection list ``locator`` by ``labels``.</doc>
<msg timestamp="20211026 20:55:28.454" level="INFO">Selecting options from selection list 'class:avenger-list' by label Scott Lang.</msg>
<status status="PASS" starttime="20211026 20:55:28.454" endtime="20211026 20:55:28.532"/>
</kw>
<kw name="Get Selected List Value" library="SeleniumLibrary">
<var>${selected}</var>
<arg>class:avenger-list</arg>
<doc>Returns the value of selected option from selection list ``locator``.</doc>
<msg timestamp="20211026 20:55:28.641" level="INFO">${selected} = 7</msg>
<status status="PASS" starttime="20211026 20:55:28.532" endtime="20211026 20:55:28.642"/>
</kw>
<kw name="Should Be Equal" library="BuiltIn">
<arg>${selected}</arg>
<arg>7</arg>
<doc>Fails if the given objects are unequal.</doc>
<status status="PASS" starttime="20211026 20:55:28.642" endtime="20211026 20:55:28.643"/>
</kw>
<kw name="Encerra sessão" library="base" type="TEARDOWN">
<kw name="Capture Page Screenshot" library="SeleniumLibrary">
<doc>Takes a screenshot of the current page and embeds it into a log file.</doc>
<msg timestamp="20211026 20:55:28.830" level="INFO" html="true">&lt;/td&gt;&lt;/tr&gt;&lt;tr&gt;&lt;td colspan="3"&gt;&lt;a href="selenium-screenshot-9.png"&gt;&lt;img src="selenium-screenshot-9.png" width="800px"&gt;&lt;/a&gt;</msg>
<status status="PASS" starttime="20211026 20:55:28.644" endtime="20211026 20:55:28.831"/>
</kw>
<kw name="Close Browser" library="SeleniumLibrary">
<doc>Closes the current browser.</doc>
<status status="PASS" starttime="20211026 20:55:28.831" endtime="20211026 20:55:30.970"/>
</kw>
<status status="PASS" starttime="20211026 20:55:28.643" endtime="20211026 20:55:30.970"/>
</kw>
<status status="PASS" starttime="20211026 20:55:24.454" endtime="20211026 20:55:30.970"/>
</test>
<test id="s1-s4-t2" name="Selecionar pelo valor e validar pelo texto">
<kw name="Nova sessão" library="base" type="SETUP">
<kw name="Open Browser" library="SeleniumLibrary">
<arg>${url}</arg>
<arg>chrome</arg>
<doc>Opens a new browser instance to the optional ``url``.</doc>
<msg timestamp="20211026 20:55:30.972" level="INFO">Opening browser 'chrome' to base url 'https://training-wheels-protocol.herokuapp.com/'.</msg>
<status status="PASS" starttime="20211026 20:55:30.972" endtime="20211026 20:55:34.603"/>
</kw>
<status status="PASS" starttime="20211026 20:55:30.972" endtime="20211026 20:55:34.604"/>
</kw>
<kw name="Go To" library="SeleniumLibrary">
<arg>${url}/dropdown</arg>
<doc>Navigates the current browser window to the provided ``url``.</doc>
<msg timestamp="20211026 20:55:34.605" level="INFO">Opening url 'https://training-wheels-protocol.herokuapp.com//dropdown'</msg>
<status status="PASS" starttime="20211026 20:55:34.604" endtime="20211026 20:55:34.898"/>
</kw>
<kw name="Select From List By Value" library="SeleniumLibrary">
<arg>id:dropdown</arg>
<arg>6</arg>
<doc>Selects options from selection list ``locator`` by ``values``.</doc>
<msg timestamp="20211026 20:55:34.899" level="INFO">Selecting options from selection list 'id:dropdown' by value 6.</msg>
<status status="PASS" starttime="20211026 20:55:34.899" endtime="20211026 20:55:34.962"/>
</kw>
<kw name="Get Selected List Label" library="SeleniumLibrary">
<var>${selected}</var>
<arg>id:dropdown</arg>
<doc>Returns the label of selected option from selection list ``locator``.</doc>
<msg timestamp="20211026 20:55:35.057" level="INFO">${selected} = Loki</msg>
<status status="PASS" starttime="20211026 20:55:34.963" endtime="20211026 20:55:35.057"/>
</kw>
<kw name="Should Be Equal" library="BuiltIn">
<arg>${selected}</arg>
<arg>Loki</arg>
<doc>Fails if the given objects are unequal.</doc>
<status status="PASS" starttime="20211026 20:55:35.058" endtime="20211026 20:55:35.059"/>
</kw>
<kw name="Encerra sessão" library="base" type="TEARDOWN">
<kw name="Capture Page Screenshot" library="SeleniumLibrary">
<doc>Takes a screenshot of the current page and embeds it into a log file.</doc>
<msg timestamp="20211026 20:55:35.254" level="INFO" html="true">&lt;/td&gt;&lt;/tr&gt;&lt;tr&gt;&lt;td colspan="3"&gt;&lt;a href="selenium-screenshot-10.png"&gt;&lt;img src="selenium-screenshot-10.png" width="800px"&gt;&lt;/a&gt;</msg>
<status status="PASS" starttime="20211026 20:55:35.060" endtime="20211026 20:55:35.254"/>
</kw>
<kw name="Close Browser" library="SeleniumLibrary">
<doc>Closes the current browser.</doc>
<status status="PASS" starttime="20211026 20:55:35.254" endtime="20211026 20:55:37.364"/>
</kw>
<status status="PASS" starttime="20211026 20:55:35.059" endtime="20211026 20:55:37.364"/>
</kw>
<status status="PASS" starttime="20211026 20:55:30.971" endtime="20211026 20:55:37.365"/>
</test>
<status status="PASS" starttime="20211026 20:55:24.450" endtime="20211026 20:55:37.368"/>
</suite>
<suite id="s1-s5" name="Tables" source="c:\workspace\qaninja\robot\web\tests\tables.robot">
<test id="s1-s5-t1" name="Verifica o valor ao informar o numero da linha">
<kw name="Nova sessão" library="base" type="SETUP">
<kw name="Open Browser" library="SeleniumLibrary">
<arg>${url}</arg>
<arg>chrome</arg>
<doc>Opens a new browser instance to the optional ``url``.</doc>
<msg timestamp="20211026 20:55:37.374" level="INFO">Opening browser 'chrome' to base url 'https://training-wheels-protocol.herokuapp.com/'.</msg>
<status status="PASS" starttime="20211026 20:55:37.374" endtime="20211026 20:55:41.010"/>
</kw>
<status status="PASS" starttime="20211026 20:55:37.374" endtime="20211026 20:55:41.011"/>
</kw>
<kw name="Go To" library="SeleniumLibrary">
<arg>${url}/tables</arg>
<doc>Navigates the current browser window to the provided ``url``.</doc>
<msg timestamp="20211026 20:55:41.012" level="INFO">Opening url 'https://training-wheels-protocol.herokuapp.com//tables'</msg>
<status status="PASS" starttime="20211026 20:55:41.012" endtime="20211026 20:55:41.370"/>
</kw>
<kw name="Table Row Should Contain" library="SeleniumLibrary">
<arg>id:actors</arg>
<arg>1</arg>
<arg>$ 10.000.000</arg>
<doc>Verifies that table row contains text ``expected``.</doc>
<status status="PASS" starttime="20211026 20:55:41.371" endtime="20211026 20:55:41.441"/>
</kw>
<kw name="Encerra sessão" library="base" type="TEARDOWN">
<kw name="Capture Page Screenshot" library="SeleniumLibrary">
<doc>Takes a screenshot of the current page and embeds it into a log file.</doc>
<msg timestamp="20211026 20:55:41.578" level="INFO" html="true">&lt;/td&gt;&lt;/tr&gt;&lt;tr&gt;&lt;td colspan="3"&gt;&lt;a href="selenium-screenshot-11.png"&gt;&lt;img src="selenium-screenshot-11.png" width="800px"&gt;&lt;/a&gt;</msg>
<status status="PASS" starttime="20211026 20:55:41.442" endtime="20211026 20:55:41.578"/>
</kw>
<kw name="Close Browser" library="SeleniumLibrary">
<doc>Closes the current browser.</doc>
<status status="PASS" starttime="20211026 20:55:41.578" endtime="20211026 20:55:43.715"/>
</kw>
<status status="PASS" starttime="20211026 20:55:41.441" endtime="20211026 20:55:43.715"/>
</kw>
<status status="PASS" starttime="20211026 20:55:37.373" endtime="20211026 20:55:43.716"/>
</test>
<test id="s1-s5-t2" name="Descobre a linha pelo texto chave e valida os demais valores">
<kw name="Nova sessão" library="base" type="SETUP">
<kw name="Open Browser" library="SeleniumLibrary">
<arg>${url}</arg>
<arg>chrome</arg>
<doc>Opens a new browser instance to the optional ``url``.</doc>
<msg timestamp="20211026 20:55:43.719" level="INFO">Opening browser 'chrome' to base url 'https://training-wheels-protocol.herokuapp.com/'.</msg>
<status status="PASS" starttime="20211026 20:55:43.719" endtime="20211026 20:55:47.515"/>
</kw>
<status status="PASS" starttime="20211026 20:55:43.719" endtime="20211026 20:55:47.516"/>
</kw>
<kw name="Go To" library="SeleniumLibrary">
<arg>${url}/tables</arg>
<doc>Navigates the current browser window to the provided ``url``.</doc>
<msg timestamp="20211026 20:55:47.517" level="INFO">Opening url 'https://training-wheels-protocol.herokuapp.com//tables'</msg>
<status status="PASS" starttime="20211026 20:55:47.517" endtime="20211026 20:55:47.922"/>
</kw>
<kw name="Get WebElement" library="SeleniumLibrary">
<var>${target}</var>
<arg>xpath:.//tr[contains(.,'@chadwickboseman')]</arg>
<doc>Returns the first WebElement matching the given ``locator``.</doc>
<msg timestamp="20211026 20:55:47.933" level="INFO">${target} = &lt;selenium.webdriver.remote.webelement.WebElement (session="bb2dc230e405c7227e3baba50b6f7b91", element="7a5fc576-356a-4a00-83d1-cb35073d596f")&gt;</msg>
<status status="PASS" starttime="20211026 20:55:47.922" endtime="20211026 20:55:47.933"/>
</kw>
<kw name="Log" library="BuiltIn">
<arg>${target.text}</arg>
<doc>Logs the given message with the given level.</doc>
<msg timestamp="20211026 20:55:47.947" level="INFO">Chadwick Boseman Pantera Negra Vingadores $ 700.000 @chadwickboseman edit delete</msg>
<status status="PASS" starttime="20211026 20:55:47.934" endtime="20211026 20:55:47.947"/>
</kw>
<kw name="Log To Console" library="BuiltIn">
<arg>${target.text}</arg>
<doc>Logs the given message to the console.</doc>
<status status="PASS" starttime="20211026 20:55:47.948" endtime="20211026 20:55:47.957"/>
</kw>
<kw name="Should Contain" library="BuiltIn">
<arg>${target.text}</arg>
<arg>$ 700.000</arg>
<doc>Fails if ``container`` does not contain ``item`` one or more times.</doc>
<status status="PASS" starttime="20211026 20:55:47.958" endtime="20211026 20:55:47.965"/>
</kw>
<kw name="Should Contain" library="BuiltIn">
<arg>${target.text}</arg>
<arg>Pantera Negra</arg>
<doc>Fails if ``container`` does not contain ``item`` one or more times.</doc>
<status status="PASS" starttime="20211026 20:55:47.965" endtime="20211026 20:55:47.973"/>
</kw>
<kw name="Encerra sessão" library="base" type="TEARDOWN">
<kw name="Capture Page Screenshot" library="SeleniumLibrary">
<doc>Takes a screenshot of the current page and embeds it into a log file.</doc>
<msg timestamp="20211026 20:55:48.096" level="INFO" html="true">&lt;/td&gt;&lt;/tr&gt;&lt;tr&gt;&lt;td colspan="3"&gt;&lt;a href="selenium-screenshot-12.png"&gt;&lt;img src="selenium-screenshot-12.png" width="800px"&gt;&lt;/a&gt;</msg>
<status status="PASS" starttime="20211026 20:55:47.974" endtime="20211026 20:55:48.096"/>
</kw>
<kw name="Close Browser" library="SeleniumLibrary">
<doc>Closes the current browser.</doc>
<status status="PASS" starttime="20211026 20:55:48.096" endtime="20211026 20:55:50.206"/>
</kw>
<status status="PASS" starttime="20211026 20:55:47.973" endtime="20211026 20:55:50.207"/>
</kw>
<status status="PASS" starttime="20211026 20:55:43.718" endtime="20211026 20:55:50.209"/>
</test>
<status status="PASS" starttime="20211026 20:55:37.370" endtime="20211026 20:55:50.215"/>
</suite>
<suite id="s1-s6" name="Title" source="c:\workspace\qaninja\robot\web\tests\title.robot">
<test id="s1-s6-t1" name="Should See Page Title">
<kw name="Nova sessão" library="base" type="SETUP">
<kw name="Open Browser" library="SeleniumLibrary">
<arg>${url}</arg>
<arg>chrome</arg>
<doc>Opens a new browser instance to the optional ``url``.</doc>
<msg timestamp="20211026 20:55:50.228" level="INFO">Opening browser 'chrome' to base url 'https://training-wheels-protocol.herokuapp.com/'.</msg>
<status status="PASS" starttime="20211026 20:55:50.228" endtime="20211026 20:55:53.786"/>
</kw>
<status status="PASS" starttime="20211026 20:55:50.227" endtime="20211026 20:55:53.786"/>
</kw>
<kw name="Title Should Be" library="SeleniumLibrary">
<arg>Training Wheels Protocol</arg>
<doc>Verifies that the current page title equals ``title``.</doc>
<msg timestamp="20211026 20:55:53.793" level="INFO">Page title is 'Training Wheels Protocol'.</msg>
<status status="PASS" starttime="20211026 20:55:53.787" endtime="20211026 20:55:53.793"/>
</kw>
<kw name="Close Browser" library="SeleniumLibrary">
<doc>Closes the current browser.</doc>
<status status="PASS" starttime="20211026 20:55:53.794" endtime="20211026 20:55:55.929"/>
</kw>
<kw name="Encerra sessão" library="base" type="TEARDOWN">
<kw name="Capture Page Screenshot" library="SeleniumLibrary">
<doc>Takes a screenshot of the current page and embeds it into a log file.</doc>
<msg timestamp="20211026 20:55:55.934" level="INFO">Cannot capture screenshot because no browser is open.</msg>
<status status="PASS" starttime="20211026 20:55:55.933" endtime="20211026 20:55:55.934"/>
</kw>
<kw name="Close Browser" library="SeleniumLibrary">
<doc>Closes the current browser.</doc>
<status status="PASS" starttime="20211026 20:55:55.934" endtime="20211026 20:55:55.935"/>
</kw>
<status status="PASS" starttime="20211026 20:55:55.932" endtime="20211026 20:55:55.935"/>
</kw>
<status status="PASS" starttime="20211026 20:55:50.227" endtime="20211026 20:55:55.936"/>
</test>
<status status="PASS" starttime="20211026 20:55:50.221" endtime="20211026 20:55:55.940"/>
</suite>
<status status="PASS" starttime="20211026 20:54:31.262" endtime="20211026 20:55:55.943"/>
</suite>
<statistics>
<total>
<stat pass="13" fail="0" skip="0">All Tests</stat>
</total>
<tag>
<stat pass="1" fail="0" skip="0">ironman</stat>
<stat pass="1" fail="0" skip="0">login_error</stat>
<stat pass="1" fail="0" skip="0">login_user404</stat>
</tag>
<suite>
<stat pass="13" fail="0" skip="0" id="s1" name="Tests">Tests</stat>
<stat pass="3" fail="0" skip="0" id="s1-s1" name="Checkbox">Tests.Checkbox</stat>
<stat pass="3" fail="0" skip="0" id="s1-s2" name="Login Form">Tests.Login Form</stat>
<stat pass="2" fail="0" skip="0" id="s1-s3" name="Radio">Tests.Radio</stat>
<stat pass="2" fail="0" skip="0" id="s1-s4" name="Select">Tests.Select</stat>
<stat pass="2" fail="0" skip="0" id="s1-s5" name="Tables">Tests.Tables</stat>
<stat pass="1" fail="0" skip="0" id="s1-s6" name="Title">Tests.Title</stat>
</suite>
</statistics>
<errors>
</errors>
</robot>
